2020-08-10 21:35:54: == Sync Started by User Command
2020-08-10 21:35:55: Delete File 'H:/Unity/5_eyetracking-FullSecondsNearCompletion09a/Assets/Assets/TaskCalibration.c_'
2020-08-10 21:35:55: Delete File 'H:/Unity/5_eyetracking-FullSecondsNearCompletion09a/Assets/Assets/TaskCalibration.c_.meta'
2020-08-10 21:35:55: Delete File 'H:/Unity/5_eyetracking-FullSecondsNearCompletion09a/Assets/Library/Artifacts/06/06d51e84df5c5a2c100ceb689cc53cca'
2020-08-10 21:35:55: Delete File 'H:/Unity/5_eyetracking-FullSecondsNearCompletion09a/Assets/Library/Artifacts/0d/0d1d8081358dc9394907d3f68238d106'
2020-08-10 21:35:55: Delete File 'H:/Unity/5_eyetracking-FullSecondsNearCompletion09a/Assets/Library/Artifacts/0e/0e1f605ed87bef458c338467b0885520'
2020-08-10 21:35:55: Delete File 'H:/Unity/5_eyetracking-FullSecondsNearCompletion09a/Assets/Library/Artifacts/0e/0edce32db22992a91ff281cbc994afbb'
2020-08-10 21:35:55: Delete File 'H:/Unity/5_eyetracking-FullSecondsNearCompletion09a/Assets/Library/Artifacts/19/191b823749669f9f570587cd412d1833'
2020-08-10 21:35:55: Delete File 'H:/Unity/5_eyetracking-FullSecondsNearCompletion09a/Assets/Library/Artifacts/20/20c4d0ea701d3351599c3c44ccb0df3f'
2020-08-10 21:35:55: Delete File 'H:/Unity/5_eyetracking-FullSecondsNearCompletion09a/Assets/Library/Artifacts/32/32aa1b8aa7ce1bc72dc665eebbdce993'
2020-08-10 21:35:55: Delete File 'H:/Unity/5_eyetracking-FullSecondsNearCompletion09a/Assets/Library/Artifacts/3b/3b61928a2c1cd48c601d775e212651f5'
2020-08-10 21:35:55: Delete File 'H:/Unity/5_eyetracking-FullSecondsNearCompletion09a/Assets/Library/Artifacts/3e/3e177e344503ba52a1280a5d586b4030'
2020-08-10 21:35:55: Delete File 'H:/Unity/5_eyetracking-FullSecondsNearCompletion09a/Assets/Library/Artifacts/43/4314669bf9d9d846959215fa34872d85'
2020-08-10 21:35:55: Delete File 'H:/Unity/5_eyetracking-FullSecondsNearCompletion09a/Assets/Library/Artifacts/45/4542ff4a3adc683f78bcb19a7dc6081b'
2020-08-10 21:35:55: Delete File 'H:/Unity/5_eyetracking-FullSecondsNearCompletion09a/Assets/Library/Artifacts/45/45d50da4179b836e9de58073af3576cd'
2020-08-10 21:35:55: Delete File 'H:/Unity/5_eyetracking-FullSecondsNearCompletion09a/Assets/Library/Artifacts/4b/4b16959a977a8b18b3e8991ea91b444d'
2020-08-10 21:35:55: Delete File 'H:/Unity/5_eyetracking-FullSecondsNearCompletion09a/Assets/Library/Artifacts/4d/4d691b981d544839bf28a91999288850'
2020-08-10 21:35:55: Delete File 'H:/Unity/5_eyetracking-FullSecondsNearCompletion09a/Assets/Library/Artifacts/54/548b6876c99a9248468e2f7654da7092'
2020-08-10 21:35:55: Delete File 'H:/Unity/5_eyetracking-FullSecondsNearCompletion09a/Assets/Library/Artifacts/5a/5afc255be6bbdeac265304c36159263e'
2020-08-10 21:35:55: Delete File 'H:/Unity/5_eyetracking-FullSecondsNearCompletion09a/Assets/Library/Artifacts/5b/5b6d57a9d067c9349c47d169a08df5ae'
2020-08-10 21:35:55: Delete File 'H:/Unity/5_eyetracking-FullSecondsNearCompletion09a/Assets/Library/Artifacts/5f/5ff4e5a077ac156f4c9a604f96dce2dd'
2020-08-10 21:35:55: Delete File 'H:/Unity/5_eyetracking-FullSecondsNearCompletion09a/Assets/Library/Artifacts/62/62d98bffdbb019646d970f4162cc530b'
2020-08-10 21:35:55: Delete File 'H:/Unity/5_eyetracking-FullSecondsNearCompletion09a/Assets/Library/Artifacts/67/6774310de1e517d5f67f06c2629a378c'
2020-08-10 21:35:55: Delete File 'H:/Unity/5_eyetracking-FullSecondsNearCompletion09a/Assets/Library/Artifacts/6b/6bad40736169f6df23d9153f72a6c5fc'
2020-08-10 21:35:55: Delete File 'H:/Unity/5_eyetracking-FullSecondsNearCompletion09a/Assets/Library/Artifacts/77/77cf10a4c3cf71a2149202ff6323a5f1'
2020-08-10 21:35:55: Delete File 'H:/Unity/5_eyetracking-FullSecondsNearCompletion09a/Assets/Library/Artifacts/79/7957ddd32f91568a5ef065691ae349d4'
2020-08-10 21:35:55: Delete File 'H:/Unity/5_eyetracking-FullSecondsNearCompletion09a/Assets/Library/Artifacts/7a/7aa61edaad58427a35cc524277cd5734'
2020-08-10 21:35:55: Delete File 'H:/Unity/5_eyetracking-FullSecondsNearCompletion09a/Assets/Library/Artifacts/83/834bf6b2781580069a3310517002fce6'
2020-08-10 21:35:55: Delete File 'H:/Unity/5_eyetracking-FullSecondsNearCompletion09a/Assets/Library/Artifacts/8a/8a70fbc88b197d7ca005ee1669fd5a65'
2020-08-10 21:35:55: Delete File 'H:/Unity/5_eyetracking-FullSecondsNearCompletion09a/Assets/Library/Artifacts/8b/8babc363d128bdffb3638f681542c277'
2020-08-10 21:35:55: Delete File 'H:/Unity/5_eyetracking-FullSecondsNearCompletion09a/Assets/Library/Artifacts/8d/8d30fc6c945e5acfde95c43a516ffc68'
2020-08-10 21:35:55: Delete File 'H:/Unity/5_eyetracking-FullSecondsNearCompletion09a/Assets/Library/Artifacts/8f/8feb20163df47ac2b177d5921624db8b'
2020-08-10 21:35:55: Delete File 'H:/Unity/5_eyetracking-FullSecondsNearCompletion09a/Assets/Library/Artifacts/91/912fe3db612859ca61482d7ad8695798'
2020-08-10 21:35:55: Delete File 'H:/Unity/5_eyetracking-FullSecondsNearCompletion09a/Assets/Library/Artifacts/92/92c2b01bdaf886bed84324938d7887c5'
2020-08-10 21:35:55: Delete File 'H:/Unity/5_eyetracking-FullSecondsNearCompletion09a/Assets/Library/Artifacts/94/94802d677df8a0817234cd5e0dc7f97a'
2020-08-10 21:35:55: Delete File 'H:/Unity/5_eyetracking-FullSecondsNearCompletion09a/Assets/Library/Artifacts/95/95c84fb9b5e6da04da812c24a31b8a0f'
2020-08-10 21:35:55: Delete File 'H:/Unity/5_eyetracking-FullSecondsNearCompletion09a/Assets/Library/Artifacts/99/99307778c314c8f34131ed9ae0cd83b3'
2020-08-10 21:35:55: Delete File 'H:/Unity/5_eyetracking-FullSecondsNearCompletion09a/Assets/Library/Artifacts/99/9961ecd6efa0c4bc0e66f5546b9d42e9'
2020-08-10 21:35:55: Delete File 'H:/Unity/5_eyetracking-FullSecondsNearCompletion09a/Assets/Library/Artifacts/9a/9a3c9d14e911259b467ba21d9227f581'
2020-08-10 21:35:55: Delete File 'H:/Unity/5_eyetracking-FullSecondsNearCompletion09a/Assets/Library/Artifacts/9b/9b4f3b5ff2bce7a67160f42b6c0dc8ce'
2020-08-10 21:35:55: Delete File 'H:/Unity/5_eyetracking-FullSecondsNearCompletion09a/Assets/Library/Artifacts/a3/a30a735c679a46ca7f6ece506063e371'
2020-08-10 21:35:55: Delete File 'H:/Unity/5_eyetracking-FullSecondsNearCompletion09a/Assets/Library/Artifacts/af/af46f79a48ea23f11a431bed5d9765e1'
2020-08-10 21:35:55: Delete File 'H:/Unity/5_eyetracking-FullSecondsNearCompletion09a/Assets/Library/Artifacts/b6/b6c475a020064d2b96c6e3e4eed39365'
2020-08-10 21:35:55: Delete File 'H:/Unity/5_eyetracking-FullSecondsNearCompletion09a/Assets/Library/Artifacts/b8/b861c9bc95a2b6506a70e88465aa0351'
2020-08-10 21:35:55: Delete File 'H:/Unity/5_eyetracking-FullSecondsNearCompletion09a/Assets/Library/Artifacts/c0/c0b575fdcd9255c93620298b384bc073'
2020-08-10 21:35:55: Delete File 'H:/Unity/5_eyetracking-FullSecondsNearCompletion09a/Assets/Library/Artifacts/d1/d117579e9aecc9884330461fbf645da3'
2020-08-10 21:35:55: Delete File 'H:/Unity/5_eyetracking-FullSecondsNearCompletion09a/Assets/Library/Artifacts/d4/d4f915f813ba12f4b0e3413c8993693d'
2020-08-10 21:35:55: Delete File 'H:/Unity/5_eyetracking-FullSecondsNearCompletion09a/Assets/Library/Artifacts/dc/dc3d19913b42caf980c147bca1ef2888'
2020-08-10 21:35:55: Delete File 'H:/Unity/5_eyetracking-FullSecondsNearCompletion09a/Assets/Library/Artifacts/de/de6de09ede79d55a7c1eebead2de6810'
2020-08-10 21:35:55: Delete File 'H:/Unity/5_eyetracking-FullSecondsNearCompletion09a/Assets/Library/Artifacts/e4/e4704b0d94a048fbe1fe807bf886cbba'
2020-08-10 21:35:55: Delete File 'H:/Unity/5_eyetracking-FullSecondsNearCompletion09a/Assets/Library/Artifacts/e9/e92298f9958e3515e1b01532143e1192'
2020-08-10 21:35:55: Delete File 'H:/Unity/5_eyetracking-FullSecondsNearCompletion09a/Assets/Library/Artifacts/ea/eaa90ab56dcd2e2143310fd3eeee91d0'
2020-08-10 21:35:55: Delete File 'H:/Unity/5_eyetracking-FullSecondsNearCompletion09a/Assets/Library/Artifacts/ec/ecb17f392d44d520b5f0fb5c0f407fb6'
2020-08-10 21:35:55: Delete File 'H:/Unity/5_eyetracking-FullSecondsNearCompletion09a/Assets/Library/Artifacts/f7/f700278a7a727090a9e08d78781c3748'
2020-08-10 21:35:56: Delete File 'H:/Unity/5_eyetracking-FullSecondsNearCompletion09a/Assets/Library/Artifacts/ff/ff8a659d7a7c773688553436c583f0db'
2020-08-10 21:35:56: Create Folder 'H:/Unity/5_eyetracking-FullSecondsNearCompletion09a/Assets/FinalLog/FinalLog'
2020-08-10 21:35:56: Create Folder 'H:/Unity/5_eyetracking-FullSecondsNearCompletion09a/Assets/FinalLog/FinalLog/Assets'
2020-08-10 21:35:56: Create Folder 'H:/Unity/5_eyetracking-FullSecondsNearCompletion09a/Assets/FinalLog/FinalLog/FinalLog'
2020-08-10 21:35:56: Create Folder 'H:/Unity/5_eyetracking-FullSecondsNearCompletion09a/Assets/FinalLog/FinalLog/webform'
2020-08-10 21:35:56: Create Folder 'H:/Unity/5_eyetracking-FullSecondsNearCompletion09a/Assets/FinalLog/FinalLog/webform/gradtest'
2020-08-10 21:35:56: Create Folder 'H:/Unity/5_eyetracking-FullSecondsNearCompletion09a/Assets/FinalLog/FinalLog/webform/gradtest/cgi-bin'
2020-08-10 21:35:56: Copy New 'C:/Users/User/Documents/Unity/TaskLeft/5_eyetracking-FullSecondsNearCompletion09a/Assets/Assets/FinalLog/FinalInstructions.htm' -> 'H:/Unity/5_eyetracking-FullSecondsNearCompletion09a/Assets/Assets/FinalLog/FinalInstructions.htm' (3.842)
2020-08-10 21:35:56: Copy New 'C:/Users/User/Documents/Unity/TaskLeft/5_eyetracking-FullSecondsNearCompletion09a/Assets/Assets/FinalLog/FinalInstructions.htm.meta' -> 'H:/Unity/5_eyetracking-FullSecondsNearCompletion09a/Assets/Assets/FinalLog/FinalInstructions.htm.meta' (158)
2020-08-10 21:35:56: Copy Over 'C:/Users/User/Documents/Unity/TaskLeft/5_eyetracking-FullSecondsNearCompletion09a/Assets/Assets/FinalLog/webform/gradtest/cgi-bin/SendQuestionnaire.php' -> 'H:/Unity/5_eyetracking-FullSecondsNearCompletion09a/Assets/Assets/FinalLog/webform/gradtest/cgi-bin/SendQuestionnaire.php' (13.309)
2020-08-10 21:35:56: Copy Over 'C:/Users/User/Documents/Unity/TaskLeft/5_eyetracking-FullSecondsNearCompletion09a/Assets/Assets/FinalLog/webform/gradtest/SendingTheData.htm' -> 'H:/Unity/5_eyetracking-FullSecondsNearCompletion09a/Assets/Assets/FinalLog/webform/gradtest/SendingTheData.htm' (12.927)
2020-08-10 21:35:56: Copy Over 'C:/Users/User/Documents/Unity/TaskLeft/5_eyetracking-FullSecondsNearCompletion09a/Assets/Assets/StimExample/ExampleTask/FixationExamplePlane.prefab' -> 'H:/Unity/5_eyetracking-FullSecondsNearCompletion09a/Assets/Assets/StimExample/ExampleTask/FixationExamplePlane.prefab' (2.787)
2020-08-10 21:35:56: Copy Over 'C:/Users/User/Documents/Unity/TaskLeft/5_eyetracking-FullSecondsNearCompletion09a/Assets/Assets/StimExample/ExampleTask/TaskAExample.prefab' -> 'H:/Unity/5_eyetracking-FullSecondsNearCompletion09a/Assets/Assets/StimExample/ExampleTask/TaskAExample.prefab' (2.774)
2020-08-10 21:35:56: Copy Over 'C:/Users/User/Documents/Unity/TaskLeft/5_eyetracking-FullSecondsNearCompletion09a/Assets/Assets/TaskCalibration.cs' -> 'H:/Unity/5_eyetracking-FullSecondsNearCompletion09a/Assets/Assets/TaskCalibration.cs' (28.448)
2020-08-10 21:35:56: Copy New 'C:/Users/User/Documents/Unity/TaskLeft/5_eyetracking-FullSecondsNearCompletion09a/Assets/Assets/TaskCalibration.cs-Kopie-Backup' -> 'H:/Unity/5_eyetracking-FullSecondsNearCompletion09a/Assets/Assets/TaskCalibration.cs-Kopie-Backup' (1.399)
2020-08-10 21:35:56: Copy New 'C:/Users/User/Documents/Unity/TaskLeft/5_eyetracking-FullSecondsNearCompletion09a/Assets/Assets/TaskCalibration.cs-Kopie-Backup.meta' -> 'H:/Unity/5_eyetracking-FullSecondsNearCompletion09a/Assets/Assets/TaskCalibration.cs-Kopie-Backup.meta' (155)
2020-08-10 21:35:56: Copy Over 'C:/Users/User/Documents/Unity/TaskLeft/5_eyetracking-FullSecondsNearCompletion09a/Assets/Assets/TaskInstructions/Text01_01.prefab' -> 'H:/Unity/5_eyetracking-FullSecondsNearCompletion09a/Assets/Assets/TaskInstructions/Text01_01.prefab' (2.784)
2020-08-10 21:35:56: Copy Over 'C:/Users/User/Documents/Unity/TaskLeft/5_eyetracking-FullSecondsNearCompletion09a/Assets/Assets/TaskInstructions/Text01_02.prefab' -> 'H:/Unity/5_eyetracking-FullSecondsNearCompletion09a/Assets/Assets/TaskInstructions/Text01_02.prefab' (2.769)
2020-08-10 21:35:56: Copy Over 'C:/Users/User/Documents/Unity/TaskLeft/5_eyetracking-FullSecondsNearCompletion09a/Assets/Assets/TaskInstructions/Text01_03.prefab' -> 'H:/Unity/5_eyetracking-FullSecondsNearCompletion09a/Assets/Assets/TaskInstructions/Text01_03.prefab' (2.790)
2020-08-10 21:35:56: Copy Over 'C:/Users/User/Documents/Unity/TaskLeft/5_eyetracking-FullSecondsNearCompletion09a/Assets/Assets/TaskSessionHardConcluded.cs' -> 'H:/Unity/5_eyetracking-FullSecondsNearCompletion09a/Assets/Assets/TaskSessionHardConcluded.cs' (1.860)
2020-08-10 21:35:56: Copy New 'C:/Users/User/Documents/Unity/TaskLeft/5_eyetracking-FullSecondsNearCompletion09a/Assets/FinalLog/ExpSession1.txt' -> 'H:/Unity/5_eyetracking-FullSecondsNearCompletion09a/Assets/FinalLog/ExpSession1.txt' (782.623)
2020-08-10 21:35:56: Copy New 'C:/Users/User/Documents/Unity/TaskLeft/5_eyetracking-FullSecondsNearCompletion09a/Assets/FinalLog/ExpSession2.txt' -> 'H:/Unity/5_eyetracking-FullSecondsNearCompletion09a/Assets/FinalLog/ExpSession2.txt' (776.442)
2020-08-10 21:35:56: Copy New 'C:/Users/User/Documents/Unity/TaskLeft/5_eyetracking-FullSecondsNearCompletion09a/Assets/FinalLog/ExpSession3.txt' -> 'H:/Unity/5_eyetracking-FullSecondsNearCompletion09a/Assets/FinalLog/ExpSession3.txt' (780.918)
2020-08-10 21:35:56: Copy New 'C:/Users/User/Documents/Unity/TaskLeft/5_eyetracking-FullSecondsNearCompletion09a/Assets/FinalLog/ExpSession4.txt' -> 'H:/Unity/5_eyetracking-FullSecondsNearCompletion09a/Assets/FinalLog/ExpSession4.txt' (807.125)
2020-08-10 21:35:56: Copy New 'C:/Users/User/Documents/Unity/TaskLeft/5_eyetracking-FullSecondsNearCompletion09a/Assets/FinalLog/EyeDataTest.txt' -> 'H:/Unity/5_eyetracking-FullSecondsNearCompletion09a/Assets/FinalLog/EyeDataTest.txt' (3.779.981)
2020-08-10 21:35:56: Copy New 'C:/Users/User/Documents/Unity/TaskLeft/5_eyetracking-FullSecondsNearCompletion09a/Assets/FinalLog/FinalInstructions.htm' -> 'H:/Unity/5_eyetracking-FullSecondsNearCompletion09a/Assets/FinalLog/FinalInstructions.htm' (406)
2020-08-10 21:35:56: Copy New 'C:/Users/User/Documents/Unity/TaskLeft/5_eyetracking-FullSecondsNearCompletion09a/Assets/FinalLog/FinalLog/Assets.meta' -> 'H:/Unity/5_eyetracking-FullSecondsNearCompletion09a/Assets/FinalLog/FinalLog/Assets.meta' (172)
2020-08-10 21:35:56: Copy New 'C:/Users/User/Documents/Unity/TaskLeft/5_eyetracking-FullSecondsNearCompletion09a/Assets/FinalLog/FinalLog/FinalInstructions.htm' -> 'H:/Unity/5_eyetracking-FullSecondsNearCompletion09a/Assets/FinalLog/FinalLog/FinalInstructions.htm' (7.244)
2020-08-10 21:35:56: Copy New 'C:/Users/User/Documents/Unity/TaskLeft/5_eyetracking-FullSecondsNearCompletion09a/Assets/FinalLog/FinalLog/FinalLog.meta' -> 'H:/Unity/5_eyetracking-FullSecondsNearCompletion09a/Assets/FinalLog/FinalLog/FinalLog.meta' (172)
2020-08-10 21:35:56: Copy New 'C:/Users/User/Documents/Unity/TaskLeft/5_eyetracking-FullSecondsNearCompletion09a/Assets/FinalLog/FinalLog/webform/gradtest/cgi-bin/SendQuestionnaire.php' -> 'H:/Unity/5_eyetracking-FullSecondsNearCompletion09a/Assets/FinalLog/FinalLog/webform/gradtest/cgi-bin/SendQuestionnaire.php' (13.309)
2020-08-10 21:35:56: Copy New 'C:/Users/User/Documents/Unity/TaskLeft/5_eyetracking-FullSecondsNearCompletion09a/Assets/FinalLog/FinalLog/webform/gradtest/cgi-bin/SendQuestionnaire.php.meta' -> 'H:/Unity/5_eyetracking-FullSecondsNearCompletion09a/Assets/FinalLog/FinalLog/webform/gradtest/cgi-bin/SendQuestionnaire.php.meta' (155)
2020-08-10 21:35:56: Copy New 'C:/Users/User/Documents/Unity/TaskLeft/5_eyetracking-FullSecondsNearCompletion09a/Assets/FinalLog/FinalLog/webform/gradtest/cgi-bin.meta' -> 'H:/Unity/5_eyetracking-FullSecondsNearCompletion09a/Assets/FinalLog/FinalLog/webform/gradtest/cgi-bin.meta' (172)
2020-08-10 21:35:56: Copy New 'C:/Users/User/Documents/Unity/TaskLeft/5_eyetracking-FullSecondsNearCompletion09a/Assets/FinalLog/FinalLog/webform/gradtest/Neues Textdokument.txt' -> 'H:/Unity/5_eyetracking-FullSecondsNearCompletion09a/Assets/FinalLog/FinalLog/webform/gradtest/Neues Textdokument.txt' (0)
2020-08-10 21:35:56: Copy New 'C:/Users/User/Documents/Unity/TaskLeft/5_eyetracking-FullSecondsNearCompletion09a/Assets/FinalLog/FinalLog/webform/gradtest/Neues Textdokument.txt.meta' -> 'H:/Unity/5_eyetracking-FullSecondsNearCompletion09a/Assets/FinalLog/FinalLog/webform/gradtest/Neues Textdokument.txt.meta' (158)
2020-08-10 21:35:56: Copy New 'C:/Users/User/Documents/Unity/TaskLeft/5_eyetracking-FullSecondsNearCompletion09a/Assets/FinalLog/FinalLog/webform/gradtest/QuestionnaireAnswers.htm' -> 'H:/Unity/5_eyetracking-FullSecondsNearCompletion09a/Assets/FinalLog/FinalLog/webform/gradtest/QuestionnaireAnswers.htm' (4.186)
2020-08-10 21:35:56: Copy New 'C:/Users/User/Documents/Unity/TaskLeft/5_eyetracking-FullSecondsNearCompletion09a/Assets/FinalLog/FinalLog/webform/gradtest/QuestionnaireAnswers.htm.meta' -> 'H:/Unity/5_eyetracking-FullSecondsNearCompletion09a/Assets/FinalLog/FinalLog/webform/gradtest/QuestionnaireAnswers.htm.meta' (158)
2020-08-10 21:35:56: Copy New 'C:/Users/User/Documents/Unity/TaskLeft/5_eyetracking-FullSecondsNearCompletion09a/Assets/FinalLog/FinalLog/webform/gradtest/SendingTheData.htm.meta' -> 'H:/Unity/5_eyetracking-FullSecondsNearCompletion09a/Assets/FinalLog/FinalLog/webform/gradtest/SendingTheData.htm.meta' (158)
2020-08-10 21:35:56: Copy New 'C:/Users/User/Documents/Unity/TaskLeft/5_eyetracking-FullSecondsNearCompletion09a/Assets/FinalLog/FinalLog/webform/gradtest.meta' -> 'H:/Unity/5_eyetracking-FullSecondsNearCompletion09a/Assets/FinalLog/FinalLog/webform/gradtest.meta' (172)
2020-08-10 21:35:56: Copy New 'C:/Users/User/Documents/Unity/TaskLeft/5_eyetracking-FullSecondsNearCompletion09a/Assets/FinalLog/FinalLog/webform.meta' -> 'H:/Unity/5_eyetracking-FullSecondsNearCompletion09a/Assets/FinalLog/FinalLog/webform.meta' (172)
2020-08-10 21:35:56: Copy New 'C:/Users/User/Documents/Unity/TaskLeft/5_eyetracking-FullSecondsNearCompletion09a/Assets/FinalLog/FinalQuestionnaire.htm' -> 'H:/Unity/5_eyetracking-FullSecondsNearCompletion09a/Assets/FinalLog/FinalQuestionnaire.htm' (3.679)
2020-08-10 21:35:56: Copy New 'C:/Users/User/Documents/Unity/TaskLeft/5_eyetracking-FullSecondsNearCompletion09a/Assets/FinalLog/FinalQuestionnaire.htm-Backup' -> 'H:/Unity/5_eyetracking-FullSecondsNearCompletion09a/Assets/FinalLog/FinalQuestionnaire.htm-Backup' (13.392)
2020-08-10 21:35:56: Copy New 'C:/Users/User/Documents/Unity/TaskLeft/5_eyetracking-FullSecondsNearCompletion09a/Assets/FinalLog/SendingTheData.htm' -> 'H:/Unity/5_eyetracking-FullSecondsNearCompletion09a/Assets/FinalLog/SendingTheData.htm' (789)
2020-08-10 21:35:56: Copy New 'C:/Users/User/Documents/Unity/TaskLeft/5_eyetracking-FullSecondsNearCompletion09a/Assets/FinalLog/TaskCalibration.cs-TestForHTM' -> 'H:/Unity/5_eyetracking-FullSecondsNearCompletion09a/Assets/FinalLog/TaskCalibration.cs-TestForHTM' (7.334)
2020-08-10 21:35:56: Copy New 'C:/Users/User/Documents/Unity/TaskLeft/5_eyetracking-FullSecondsNearCompletion09a/Assets/FinalLog/TrialSessions1und2.txt' -> 'H:/Unity/5_eyetracking-FullSecondsNearCompletion09a/Assets/FinalLog/TrialSessions1und2.txt' (389.945)
2020-08-10 21:35:56: Copy New 'C:/Users/User/Documents/Unity/TaskLeft/5_eyetracking-FullSecondsNearCompletion09a/Assets/FinalLog/TrialSessions3und4.txt' -> 'H:/Unity/5_eyetracking-FullSecondsNearCompletion09a/Assets/FinalLog/TrialSessions3und4.txt' (391.268)
2020-08-10 21:35:57: Copy Over 'C:/Users/User/Documents/Unity/TaskLeft/5_eyetracking-FullSecondsNearCompletion09a/Assets/Library/ArtifactDB' -> 'H:/Unity/5_eyetracking-FullSecondsNearCompletion09a/Assets/Library/ArtifactDB' (33.554.432)
2020-08-10 21:35:58: Copy New 'C:/Users/User/Documents/Unity/TaskLeft/5_eyetracking-FullSecondsNearCompletion09a/Assets/Library/Artifacts/03/0382a36945a64a83f000976ba2cf12ae' -> 'H:/Unity/5_eyetracking-FullSecondsNearCompletion09a/Assets/Library/Artifacts/03/0382a36945a64a83f000976ba2cf12ae' (10.600)
2020-08-10 21:35:58: Copy New 'C:/Users/User/Documents/Unity/TaskLeft/5_eyetracking-FullSecondsNearCompletion09a/Assets/Library/Artifacts/07/070d6e52a08abb61466c65f140398f1d' -> 'H:/Unity/5_eyetracking-FullSecondsNearCompletion09a/Assets/Library/Artifacts/07/070d6e52a08abb61466c65f140398f1d' (30.664)
2020-08-10 21:35:58: Copy New 'C:/Users/User/Documents/Unity/TaskLeft/5_eyetracking-FullSecondsNearCompletion09a/Assets/Library/Artifacts/0a/0aada498460e325538763005bdb63e3f' -> 'H:/Unity/5_eyetracking-FullSecondsNearCompletion09a/Assets/Library/Artifacts/0a/0aada498460e325538763005bdb63e3f' (10.892)
2020-08-10 21:35:58: Copy New 'C:/Users/User/Documents/Unity/TaskLeft/5_eyetracking-FullSecondsNearCompletion09a/Assets/Library/Artifacts/11/11c21270df0e2489fe079a48464957eb' -> 'H:/Unity/5_eyetracking-FullSecondsNearCompletion09a/Assets/Library/Artifacts/11/11c21270df0e2489fe079a48464957eb' (11.588)
2020-08-10 21:35:58: Copy New 'C:/Users/User/Documents/Unity/TaskLeft/5_eyetracking-FullSecondsNearCompletion09a/Assets/Library/Artifacts/24/24f07beea3174907b566abaa4381a3f3' -> 'H:/Unity/5_eyetracking-FullSecondsNearCompletion09a/Assets/Library/Artifacts/24/24f07beea3174907b566abaa4381a3f3' (12.004)
2020-08-10 21:35:58: Copy New 'C:/Users/User/Documents/Unity/TaskLeft/5_eyetracking-FullSecondsNearCompletion09a/Assets/Library/Artifacts/25/257a0887da4e463839b91ebefd0db76b' -> 'H:/Unity/5_eyetracking-FullSecondsNearCompletion09a/Assets/Library/Artifacts/25/257a0887da4e463839b91ebefd0db76b' (30.656)
2020-08-10 21:35:58: Copy Over 'C:/Users/User/Documents/Unity/TaskLeft/5_eyetracking-FullSecondsNearCompletion09a/Assets/Library/Artifacts/2a/2a7d1ea47164e91d6f1c39e68cc2619f' -> 'H:/Unity/5_eyetracking-FullSecondsNearCompletion09a/Assets/Library/Artifacts/2a/2a7d1ea47164e91d6f1c39e68cc2619f' (6.176)
2020-08-10 21:35:58: Copy New 'C:/Users/User/Documents/Unity/TaskLeft/5_eyetracking-FullSecondsNearCompletion09a/Assets/Library/Artifacts/31/31bf1b39c962fad33ed924138f14dd0f' -> 'H:/Unity/5_eyetracking-FullSecondsNearCompletion09a/Assets/Library/Artifacts/31/31bf1b39c962fad33ed924138f14dd0f' (11.092)
2020-08-10 21:35:58: Copy New 'C:/Users/User/Documents/Unity/TaskLeft/5_eyetracking-FullSecondsNearCompletion09a/Assets/Library/Artifacts/34/34164bedb7d764a1ce2b0257a8c46e88' -> 'H:/Unity/5_eyetracking-FullSecondsNearCompletion09a/Assets/Library/Artifacts/34/34164bedb7d764a1ce2b0257a8c46e88' (14.968)
2020-08-10 21:35:58: Copy New 'C:/Users/User/Documents/Unity/TaskLeft/5_eyetracking-FullSecondsNearCompletion09a/Assets/Library/Artifacts/34/342567d2d4c79c3922606fdd2832167c' -> 'H:/Unity/5_eyetracking-FullSecondsNearCompletion09a/Assets/Library/Artifacts/34/342567d2d4c79c3922606fdd2832167c' (32.732)
2020-08-10 21:35:58: Copy New 'C:/Users/User/Documents/Unity/TaskLeft/5_eyetracking-FullSecondsNearCompletion09a/Assets/Library/Artifacts/3d/3d395ea6fddf8b4c698b5c9ea6de963a' -> 'H:/Unity/5_eyetracking-FullSecondsNearCompletion09a/Assets/Library/Artifacts/3d/3d395ea6fddf8b4c698b5c9ea6de963a' (31.196)
2020-08-10 21:35:58: Copy New 'C:/Users/User/Documents/Unity/TaskLeft/5_eyetracking-FullSecondsNearCompletion09a/Assets/Library/Artifacts/3e/3ecf93f7862be2468e68bf034de0726f' -> 'H:/Unity/5_eyetracking-FullSecondsNearCompletion09a/Assets/Library/Artifacts/3e/3ecf93f7862be2468e68bf034de0726f' (32.332)
2020-08-10 21:35:58: Copy New 'C:/Users/User/Documents/Unity/TaskLeft/5_eyetracking-FullSecondsNearCompletion09a/Assets/Library/Artifacts/3f/3f7c5831fa0719c2d0c2ba868cb21d38' -> 'H:/Unity/5_eyetracking-FullSecondsNearCompletion09a/Assets/Library/Artifacts/3f/3f7c5831fa0719c2d0c2ba868cb21d38' (14.896)
2020-08-10 21:35:58: Copy New 'C:/Users/User/Documents/Unity/TaskLeft/5_eyetracking-FullSecondsNearCompletion09a/Assets/Library/Artifacts/45/456a5aa2fce0872b666d07a2c0137c85' -> 'H:/Unity/5_eyetracking-FullSecondsNearCompletion09a/Assets/Library/Artifacts/45/456a5aa2fce0872b666d07a2c0137c85' (30.196)
2020-08-10 21:35:58: Copy New 'C:/Users/User/Documents/Unity/TaskLeft/5_eyetracking-FullSecondsNearCompletion09a/Assets/Library/Artifacts/46/466a718365256e921c9285b425435096' -> 'H:/Unity/5_eyetracking-FullSecondsNearCompletion09a/Assets/Library/Artifacts/46/466a718365256e921c9285b425435096' (30.996)
2020-08-10 21:35:58: Copy New 'C:/Users/User/Documents/Unity/TaskLeft/5_eyetracking-FullSecondsNearCompletion09a/Assets/Library/Artifacts/48/4830cf4767cea44c53a05682dbdb0501' -> 'H:/Unity/5_eyetracking-FullSecondsNearCompletion09a/Assets/Library/Artifacts/48/4830cf4767cea44c53a05682dbdb0501' (30.184)
2020-08-10 21:35:58: Copy New 'C:/Users/User/Documents/Unity/TaskLeft/5_eyetracking-FullSecondsNearCompletion09a/Assets/Library/Artifacts/48/48e4600323036de6bde7e8a3d48cb157' -> 'H:/Unity/5_eyetracking-FullSecondsNearCompletion09a/Assets/Library/Artifacts/48/48e4600323036de6bde7e8a3d48cb157' (30.800)
2020-08-10 21:35:58: Copy New 'C:/Users/User/Documents/Unity/TaskLeft/5_eyetracking-FullSecondsNearCompletion09a/Assets/Library/Artifacts/50/50a98039156e9219cbf42b40a4b59987' -> 'H:/Unity/5_eyetracking-FullSecondsNearCompletion09a/Assets/Library/Artifacts/50/50a98039156e9219cbf42b40a4b59987' (8.076)
2020-08-10 21:35:58: Copy New 'C:/Users/User/Documents/Unity/TaskLeft/5_eyetracking-FullSecondsNearCompletion09a/Assets/Library/Artifacts/56/56850e24b9e88da21f7c3acefc84bc20' -> 'H:/Unity/5_eyetracking-FullSecondsNearCompletion09a/Assets/Library/Artifacts/56/56850e24b9e88da21f7c3acefc84bc20' (11.644)
2020-08-10 21:35:58: Copy New 'C:/Users/User/Documents/Unity/TaskLeft/5_eyetracking-FullSecondsNearCompletion09a/Assets/Library/Artifacts/5b/5b488a39172827c62a9437f4e92f7821' -> 'H:/Unity/5_eyetracking-FullSecondsNearCompletion09a/Assets/Library/Artifacts/5b/5b488a39172827c62a9437f4e92f7821' (10.832)
2020-08-10 21:35:58: Copy New 'C:/Users/User/Documents/Unity/TaskLeft/5_eyetracking-FullSecondsNearCompletion09a/Assets/Library/Artifacts/5d/5dcd88ba0203ec7d78fd29424d7f6ee4' -> 'H:/Unity/5_eyetracking-FullSecondsNearCompletion09a/Assets/Library/Artifacts/5d/5dcd88ba0203ec7d78fd29424d7f6ee4' (30.644)
2020-08-10 21:35:58: Copy New 'C:/Users/User/Documents/Unity/TaskLeft/5_eyetracking-FullSecondsNearCompletion09a/Assets/Library/Artifacts/73/73efb37f948db79f3a37872df6aa7041' -> 'H:/Unity/5_eyetracking-FullSecondsNearCompletion09a/Assets/Library/Artifacts/73/73efb37f948db79f3a37872df6aa7041' (10.596)
2020-08-10 21:35:58: Copy New 'C:/Users/User/Documents/Unity/TaskLeft/5_eyetracking-FullSecondsNearCompletion09a/Assets/Library/Artifacts/74/749e6400f4f3c3136e22cbeb2a64080c' -> 'H:/Unity/5_eyetracking-FullSecondsNearCompletion09a/Assets/Library/Artifacts/74/749e6400f4f3c3136e22cbeb2a64080c' (31.616)
2020-08-10 21:35:58: Copy New 'C:/Users/User/Documents/Unity/TaskLeft/5_eyetracking-FullSecondsNearCompletion09a/Assets/Library/Artifacts/79/792cd49717c94ef4ca69a858e1af87d5' -> 'H:/Unity/5_eyetracking-FullSecondsNearCompletion09a/Assets/Library/Artifacts/79/792cd49717c94ef4ca69a858e1af87d5' (10.864)
2020-08-10 21:35:58: Copy New 'C:/Users/User/Documents/Unity/TaskLeft/5_eyetracking-FullSecondsNearCompletion09a/Assets/Library/Artifacts/79/792f761851dcc5b8fb9b150beb20841a' -> 'H:/Unity/5_eyetracking-FullSecondsNearCompletion09a/Assets/Library/Artifacts/79/792f761851dcc5b8fb9b150beb20841a' (10.768)
2020-08-10 21:35:58: Copy New 'C:/Users/User/Documents/Unity/TaskLeft/5_eyetracking-FullSecondsNearCompletion09a/Assets/Library/Artifacts/7b/7be8f74ab34bf8c29736737be5699497' -> 'H:/Unity/5_eyetracking-FullSecondsNearCompletion09a/Assets/Library/Artifacts/7b/7be8f74ab34bf8c29736737be5699497' (14.900)
2020-08-10 21:35:58: Copy New 'C:/Users/User/Documents/Unity/TaskLeft/5_eyetracking-FullSecondsNearCompletion09a/Assets/Library/Artifacts/83/8332ea52700b1b12637614f6c79103ce' -> 'H:/Unity/5_eyetracking-FullSecondsNearCompletion09a/Assets/Library/Artifacts/83/8332ea52700b1b12637614f6c79103ce' (30.696)
2020-08-10 21:35:58: Copy New 'C:/Users/User/Documents/Unity/TaskLeft/5_eyetracking-FullSecondsNearCompletion09a/Assets/Library/Artifacts/83/838e35102044b7e84b873c0c79136a98' -> 'H:/Unity/5_eyetracking-FullSecondsNearCompletion09a/Assets/Library/Artifacts/83/838e35102044b7e84b873c0c79136a98' (30.188)
2020-08-10 21:35:58: Copy New 'C:/Users/User/Documents/Unity/TaskLeft/5_eyetracking-FullSecondsNearCompletion09a/Assets/Library/Artifacts/85/85aaf189fc9117805512af306f831e9e' -> 'H:/Unity/5_eyetracking-FullSecondsNearCompletion09a/Assets/Library/Artifacts/85/85aaf189fc9117805512af306f831e9e' (10.644)
2020-08-10 21:35:58: Copy New 'C:/Users/User/Documents/Unity/TaskLeft/5_eyetracking-FullSecondsNearCompletion09a/Assets/Library/Artifacts/86/86f46afbd878922c0e5a0dc8218ff1c1' -> 'H:/Unity/5_eyetracking-FullSecondsNearCompletion09a/Assets/Library/Artifacts/86/86f46afbd878922c0e5a0dc8218ff1c1' (30.788)
2020-08-10 21:35:58: Copy New 'C:/Users/User/Documents/Unity/TaskLeft/5_eyetracking-FullSecondsNearCompletion09a/Assets/Library/Artifacts/89/89e84f16ecb0a5155c3233a368f56934' -> 'H:/Unity/5_eyetracking-FullSecondsNearCompletion09a/Assets/Library/Artifacts/89/89e84f16ecb0a5155c3233a368f56934' (12.076)
2020-08-10 21:35:58: Copy New 'C:/Users/User/Documents/Unity/TaskLeft/5_eyetracking-FullSecondsNearCompletion09a/Assets/Library/Artifacts/8d/8d4dc53fd8eb821f5f4e5db8b9c550c5' -> 'H:/Unity/5_eyetracking-FullSecondsNearCompletion09a/Assets/Library/Artifacts/8d/8d4dc53fd8eb821f5f4e5db8b9c550c5' (14.892)
2020-08-10 21:35:58: Copy New 'C:/Users/User/Documents/Unity/TaskLeft/5_eyetracking-FullSecondsNearCompletion09a/Assets/Library/Artifacts/9e/9e0256ee66cde9ce76cb40b5a28c944c' -> 'H:/Unity/5_eyetracking-FullSecondsNearCompletion09a/Assets/Library/Artifacts/9e/9e0256ee66cde9ce76cb40b5a28c944c' (11.668)
2020-08-10 21:35:58: Copy New 'C:/Users/User/Documents/Unity/TaskLeft/5_eyetracking-FullSecondsNearCompletion09a/Assets/Library/Artifacts/a1/a137f7b68f08cfc4b39fce071fab3c77' -> 'H:/Unity/5_eyetracking-FullSecondsNearCompletion09a/Assets/Library/Artifacts/a1/a137f7b68f08cfc4b39fce071fab3c77' (30.680)
2020-08-10 21:35:58: Copy New 'C:/Users/User/Documents/Unity/TaskLeft/5_eyetracking-FullSecondsNearCompletion09a/Assets/Library/Artifacts/a4/a421eaaa80719b3936cb2b77f6560f79' -> 'H:/Unity/5_eyetracking-FullSecondsNearCompletion09a/Assets/Library/Artifacts/a4/a421eaaa80719b3936cb2b77f6560f79' (10.712)
2020-08-10 21:35:58: Copy New 'C:/Users/User/Documents/Unity/TaskLeft/5_eyetracking-FullSecondsNearCompletion09a/Assets/Library/Artifacts/a6/a6a934568184d3a34948caa71036c79f' -> 'H:/Unity/5_eyetracking-FullSecondsNearCompletion09a/Assets/Library/Artifacts/a6/a6a934568184d3a34948caa71036c79f' (32.748)
2020-08-10 21:35:58: Copy New 'C:/Users/User/Documents/Unity/TaskLeft/5_eyetracking-FullSecondsNearCompletion09a/Assets/Library/Artifacts/aa/aaecc70dca319f9a7b1b59a82817b3aa' -> 'H:/Unity/5_eyetracking-FullSecondsNearCompletion09a/Assets/Library/Artifacts/aa/aaecc70dca319f9a7b1b59a82817b3aa' (11.636)
2020-08-10 21:35:58: Copy New 'C:/Users/User/Documents/Unity/TaskLeft/5_eyetracking-FullSecondsNearCompletion09a/Assets/Library/Artifacts/aa/aaf12ee96d8ece9ece08dcaaf0ead977' -> 'H:/Unity/5_eyetracking-FullSecondsNearCompletion09a/Assets/Library/Artifacts/aa/aaf12ee96d8ece9ece08dcaaf0ead977' (32.744)
2020-08-10 21:35:58: Copy New 'C:/Users/User/Documents/Unity/TaskLeft/5_eyetracking-FullSecondsNearCompletion09a/Assets/Library/Artifacts/b1/b19726109e5e87972ca089220610bc95' -> 'H:/Unity/5_eyetracking-FullSecondsNearCompletion09a/Assets/Library/Artifacts/b1/b19726109e5e87972ca089220610bc95' (11.636)
2020-08-10 21:35:58: Copy New 'C:/Users/User/Documents/Unity/TaskLeft/5_eyetracking-FullSecondsNearCompletion09a/Assets/Library/Artifacts/b2/b2ccdd9bda351f9083e0d8990e9a0eb5' -> 'H:/Unity/5_eyetracking-FullSecondsNearCompletion09a/Assets/Library/Artifacts/b2/b2ccdd9bda351f9083e0d8990e9a0eb5' (30.732)
2020-08-10 21:35:58: Copy New 'C:/Users/User/Documents/Unity/TaskLeft/5_eyetracking-FullSecondsNearCompletion09a/Assets/Library/Artifacts/b9/b984286a5053bd5491f86e86de790fa3' -> 'H:/Unity/5_eyetracking-FullSecondsNearCompletion09a/Assets/Library/Artifacts/b9/b984286a5053bd5491f86e86de790fa3' (9.908)
2020-08-10 21:35:58: Copy New 'C:/Users/User/Documents/Unity/TaskLeft/5_eyetracking-FullSecondsNearCompletion09a/Assets/Library/Artifacts/ba/baf6d8a5b10b7ab19711da732233fbed' -> 'H:/Unity/5_eyetracking-FullSecondsNearCompletion09a/Assets/Library/Artifacts/ba/baf6d8a5b10b7ab19711da732233fbed' (32.748)
2020-08-10 21:35:58: Copy New 'C:/Users/User/Documents/Unity/TaskLeft/5_eyetracking-FullSecondsNearCompletion09a/Assets/Library/Artifacts/c0/c0f1573e80d4c4eac34f558a7a14ed86' -> 'H:/Unity/5_eyetracking-FullSecondsNearCompletion09a/Assets/Library/Artifacts/c0/c0f1573e80d4c4eac34f558a7a14ed86' (30.636)
2020-08-10 21:35:58: Copy New 'C:/Users/User/Documents/Unity/TaskLeft/5_eyetracking-FullSecondsNearCompletion09a/Assets/Library/Artifacts/c8/c889b10927fd31eb0f0b93123578b056' -> 'H:/Unity/5_eyetracking-FullSecondsNearCompletion09a/Assets/Library/Artifacts/c8/c889b10927fd31eb0f0b93123578b056' (30.784)
2020-08-10 21:35:58: Copy New 'C:/Users/User/Documents/Unity/TaskLeft/5_eyetracking-FullSecondsNearCompletion09a/Assets/Library/Artifacts/ca/ca32bf13e032bb4d219b0b440695a6c5' -> 'H:/Unity/5_eyetracking-FullSecondsNearCompletion09a/Assets/Library/Artifacts/ca/ca32bf13e032bb4d219b0b440695a6c5' (10.880)
2020-08-10 21:35:58: Copy New 'C:/Users/User/Documents/Unity/TaskLeft/5_eyetracking-FullSecondsNearCompletion09a/Assets/Library/Artifacts/cc/cc7d46e9cec525a4034535b3b7858f21' -> 'H:/Unity/5_eyetracking-FullSecondsNearCompletion09a/Assets/Library/Artifacts/cc/cc7d46e9cec525a4034535b3b7858f21' (11.544)
2020-08-10 21:35:58: Copy New 'C:/Users/User/Documents/Unity/TaskLeft/5_eyetracking-FullSecondsNearCompletion09a/Assets/Library/Artifacts/d9/d9be773beb18d4ac689b515a47c76457' -> 'H:/Unity/5_eyetracking-FullSecondsNearCompletion09a/Assets/Library/Artifacts/d9/d9be773beb18d4ac689b515a47c76457' (10.640)
2020-08-10 21:35:58: Copy New 'C:/Users/User/Documents/Unity/TaskLeft/5_eyetracking-FullSecondsNearCompletion09a/Assets/Library/Artifacts/d9/d9c0b27feb75ed84ab28515a3c665640' -> 'H:/Unity/5_eyetracking-FullSecondsNearCompletion09a/Assets/Library/Artifacts/d9/d9c0b27feb75ed84ab28515a3c665640' (29.224)
2020-08-10 21:35:58: Copy New 'C:/Users/User/Documents/Unity/TaskLeft/5_eyetracking-FullSecondsNearCompletion09a/Assets/Library/Artifacts/da/daad78d945baf85d0c857026f262979d' -> 'H:/Unity/5_eyetracking-FullSecondsNearCompletion09a/Assets/Library/Artifacts/da/daad78d945baf85d0c857026f262979d' (12.060)
2020-08-10 21:35:58: Copy New 'C:/Users/User/Documents/Unity/TaskLeft/5_eyetracking-FullSecondsNearCompletion09a/Assets/Library/Artifacts/dc/dc637b7267d2dd1b50f9722fb02ed7de' -> 'H:/Unity/5_eyetracking-FullSecondsNearCompletion09a/Assets/Library/Artifacts/dc/dc637b7267d2dd1b50f9722fb02ed7de' (10.768)
2020-08-10 21:35:58: Copy New 'C:/Users/User/Documents/Unity/TaskLeft/5_eyetracking-FullSecondsNearCompletion09a/Assets/Library/Artifacts/dc/dcb9320e4e9e13abd9fa93e49e15f894' -> 'H:/Unity/5_eyetracking-FullSecondsNearCompletion09a/Assets/Library/Artifacts/dc/dcb9320e4e9e13abd9fa93e49e15f894' (10.808)
2020-08-10 21:35:58: Copy New 'C:/Users/User/Documents/Unity/TaskLeft/5_eyetracking-FullSecondsNearCompletion09a/Assets/Library/Artifacts/df/dfc1fb589f9ba3788f7ab7ead778baff' -> 'H:/Unity/5_eyetracking-FullSecondsNearCompletion09a/Assets/Library/Artifacts/df/dfc1fb589f9ba3788f7ab7ead778baff' (30.688)
2020-08-10 21:35:58: Copy New 'C:/Users/User/Documents/Unity/TaskLeft/5_eyetracking-FullSecondsNearCompletion09a/Assets/Library/Artifacts/e0/e0d53897e623f13060155a69e2140910' -> 'H:/Unity/5_eyetracking-FullSecondsNearCompletion09a/Assets/Library/Artifacts/e0/e0d53897e623f13060155a69e2140910' (11.932)
2020-08-10 21:35:58: Copy New 'C:/Users/User/Documents/Unity/TaskLeft/5_eyetracking-FullSecondsNearCompletion09a/Assets/Library/Artifacts/e1/e1dba3861407a4fa11dddab5caff4ab8' -> 'H:/Unity/5_eyetracking-FullSecondsNearCompletion09a/Assets/Library/Artifacts/e1/e1dba3861407a4fa11dddab5caff4ab8' (10.768)
2020-08-10 21:35:58: Copy New 'C:/Users/User/Documents/Unity/TaskLeft/5_eyetracking-FullSecondsNearCompletion09a/Assets/Library/Artifacts/e2/e21c76d4ad5a86c3be64347c909d1a43' -> 'H:/Unity/5_eyetracking-FullSecondsNearCompletion09a/Assets/Library/Artifacts/e2/e21c76d4ad5a86c3be64347c909d1a43' (6.752)
2020-08-10 21:35:58: Copy New 'C:/Users/User/Documents/Unity/TaskLeft/5_eyetracking-FullSecondsNearCompletion09a/Assets/Library/Artifacts/e2/e21d43dfbeeece04bf366c256e5fb6ef' -> 'H:/Unity/5_eyetracking-FullSecondsNearCompletion09a/Assets/Library/Artifacts/e2/e21d43dfbeeece04bf366c256e5fb6ef' (11.636)
2020-08-10 21:35:58: Copy Over 'C:/Users/User/Documents/Unity/TaskLeft/5_eyetracking-FullSecondsNearCompletion09a/Assets/Library/Artifacts/e4/e43939008690a7d11d14d826406ed9af' -> 'H:/Unity/5_eyetracking-FullSecondsNearCompletion09a/Assets/Library/Artifacts/e4/e43939008690a7d11d14d826406ed9af' (5.696)
2020-08-10 21:35:58: Copy New 'C:/Users/User/Documents/Unity/TaskLeft/5_eyetracking-FullSecondsNearCompletion09a/Assets/Library/Artifacts/e4/e48b95b68fe9e2036aaab132692cf212' -> 'H:/Unity/5_eyetracking-FullSecondsNearCompletion09a/Assets/Library/Artifacts/e4/e48b95b68fe9e2036aaab132692cf212' (11.688)
2020-08-10 21:35:58: Copy New 'C:/Users/User/Documents/Unity/TaskLeft/5_eyetracking-FullSecondsNearCompletion09a/Assets/Library/Artifacts/e4/e4ff5bc690285307e83bdf28c229d98e' -> 'H:/Unity/5_eyetracking-FullSecondsNearCompletion09a/Assets/Library/Artifacts/e4/e4ff5bc690285307e83bdf28c229d98e' (16.576)
2020-08-10 21:35:58: Copy New 'C:/Users/User/Documents/Unity/TaskLeft/5_eyetracking-FullSecondsNearCompletion09a/Assets/Library/Artifacts/e8/e869b2702a8635960721aa93acebc1a3' -> 'H:/Unity/5_eyetracking-FullSecondsNearCompletion09a/Assets/Library/Artifacts/e8/e869b2702a8635960721aa93acebc1a3' (11.428)
2020-08-10 21:35:58: Copy New 'C:/Users/User/Documents/Unity/TaskLeft/5_eyetracking-FullSecondsNearCompletion09a/Assets/Library/Artifacts/ed/ed6b079130daf4a28680e48f2951f9c9' -> 'H:/Unity/5_eyetracking-FullSecondsNearCompletion09a/Assets/Library/Artifacts/ed/ed6b079130daf4a28680e48f2951f9c9' (30.184)
2020-08-10 21:35:58: Copy New 'C:/Users/User/Documents/Unity/TaskLeft/5_eyetracking-FullSecondsNearCompletion09a/Assets/Library/Artifacts/ee/ee6355c39a93e4925a9372248684feab' -> 'H:/Unity/5_eyetracking-FullSecondsNearCompletion09a/Assets/Library/Artifacts/ee/ee6355c39a93e4925a9372248684feab' (17.156)
2020-08-10 21:35:58: Copy New 'C:/Users/User/Documents/Unity/TaskLeft/5_eyetracking-FullSecondsNearCompletion09a/Assets/Library/Artifacts/f0/f0f22fee5ee43a9573199fd15db9106a' -> 'H:/Unity/5_eyetracking-FullSecondsNearCompletion09a/Assets/Library/Artifacts/f0/f0f22fee5ee43a9573199fd15db9106a' (11.952)
2020-08-10 21:35:58: Copy New 'C:/Users/User/Documents/Unity/TaskLeft/5_eyetracking-FullSecondsNearCompletion09a/Assets/Library/Artifacts/f5/f5de12d49e933e1075c0f61a7dc9284d' -> 'H:/Unity/5_eyetracking-FullSecondsNearCompletion09a/Assets/Library/Artifacts/f5/f5de12d49e933e1075c0f61a7dc9284d' (12.000)
2020-08-10 21:35:58: Copy Over 'C:/Users/User/Documents/Unity/TaskLeft/5_eyetracking-FullSecondsNearCompletion09a/Assets/Library/CurrentLayout-default.dwlt' -> 'H:/Unity/5_eyetracking-FullSecondsNearCompletion09a/Assets/Library/CurrentLayout-default.dwlt' (18.884)
2020-08-10 21:35:58: Copy Over 'C:/Users/User/Documents/Unity/TaskLeft/5_eyetracking-FullSecondsNearCompletion09a/Assets/Library/EditorSnapSettings.asset' -> 'H:/Unity/5_eyetracking-FullSecondsNearCompletion09a/Assets/Library/EditorSnapSettings.asset' (546)
2020-08-10 21:35:58: Copy Over 'C:/Users/User/Documents/Unity/TaskLeft/5_eyetracking-FullSecondsNearCompletion09a/Assets/Library/expandedItems' -> 'H:/Unity/5_eyetracking-FullSecondsNearCompletion09a/Assets/Library/expandedItems' (4.236)
2020-08-10 21:35:58: Copy Over 'C:/Users/User/Documents/Unity/TaskLeft/5_eyetracking-FullSecondsNearCompletion09a/Assets/Library/LastSceneManagerSetup.txt' -> 'H:/Unity/5_eyetracking-FullSecondsNearCompletion09a/Assets/Library/LastSceneManagerSetup.txt' (95)
2020-08-10 21:35:58: Copy Over 'C:/Users/User/Documents/Unity/TaskLeft/5_eyetracking-FullSecondsNearCompletion09a/Assets/Library/SceneVisibilityState.asset' -> 'H:/Unity/5_eyetracking-FullSecondsNearCompletion09a/Assets/Library/SceneVisibilityState.asset' (4.244)
2020-08-10 21:35:58: Copy Over 'C:/Users/User/Documents/Unity/TaskLeft/5_eyetracking-FullSecondsNearCompletion09a/Assets/Library/ScriptAssemblies/Assembly-CSharp.dll' -> 'H:/Unity/5_eyetracking-FullSecondsNearCompletion09a/Assets/Library/ScriptAssemblies/Assembly-CSharp.dll' (198.656)
2020-08-10 21:35:58: Copy Over 'C:/Users/User/Documents/Unity/TaskLeft/5_eyetracking-FullSecondsNearCompletion09a/Assets/Library/ScriptAssemblies/Assembly-CSharp.pdb' -> 'H:/Unity/5_eyetracking-FullSecondsNearCompletion09a/Assets/Library/ScriptAssemblies/Assembly-CSharp.pdb' (57.128)
2020-08-10 21:35:58: Copy Over 'C:/Users/User/Documents/Unity/TaskLeft/5_eyetracking-FullSecondsNearCompletion09a/Assets/Library/ScriptAssemblies/BuiltinAssemblies.stamp' -> 'H:/Unity/5_eyetracking-FullSecondsNearCompletion09a/Assets/Library/ScriptAssemblies/BuiltinAssemblies.stamp' (33)
2020-08-10 21:35:58: Copy Over 'C:/Users/User/Documents/Unity/TaskLeft/5_eyetracking-FullSecondsNearCompletion09a/Assets/Library/ScriptMapper' -> 'H:/Unity/5_eyetracking-FullSecondsNearCompletion09a/Assets/Library/ScriptMapper' (13.885)
2020-08-10 21:35:59: Copy Over 'C:/Users/User/Documents/Unity/TaskLeft/5_eyetracking-FullSecondsNearCompletion09a/Assets/Library/ShaderCache/EditorEncounteredVariants' -> 'H:/Unity/5_eyetracking-FullSecondsNearCompletion09a/Assets/Library/ShaderCache/EditorEncounteredVariants' (12.188)
2020-08-10 21:35:59: Copy Over 'C:/Users/User/Documents/Unity/TaskLeft/5_eyetracking-FullSecondsNearCompletion09a/Assets/Library/shadercompiler-UnityShaderCompiler.exe0.log' -> 'H:/Unity/5_eyetracking-FullSecondsNearCompletion09a/Assets/Library/shadercompiler-UnityShaderCompiler.exe0.log' (163)
2020-08-10 21:35:59: Copy Over 'C:/Users/User/Documents/Unity/TaskLeft/5_eyetracking-FullSecondsNearCompletion09a/Assets/Library/SourceAssetDB' -> 'H:/Unity/5_eyetracking-FullSecondsNearCompletion09a/Assets/Library/SourceAssetDB' (4.194.304)
2020-08-10 21:35:59: Copy Over 'C:/Users/User/Documents/Unity/TaskLeft/5_eyetracking-FullSecondsNearCompletion09a/Assets/Library/StateCache/Hierarchy/f715d8-mainStage.json' -> 'H:/Unity/5_eyetracking-FullSecondsNearCompletion09a/Assets/Library/StateCache/Hierarchy/f715d8-mainStage.json' (153)
2020-08-10 21:35:59: Copy Over 'C:/Users/User/Documents/Unity/TaskLeft/5_eyetracking-FullSecondsNearCompletion09a/Assets/Library/StateCache/LayerSettings/LayerSettings.json' -> 'H:/Unity/5_eyetracking-FullSecondsNearCompletion09a/Assets/Library/StateCache/LayerSettings/LayerSettings.json' (50)
2020-08-10 21:35:59: Copy Over 'C:/Users/User/Documents/Unity/TaskLeft/5_eyetracking-FullSecondsNearCompletion09a/Assets/Library/StateCache/SceneView/90ed01-mainStage.json' -> 'H:/Unity/5_eyetracking-FullSecondsNearCompletion09a/Assets/Library/StateCache/SceneView/90ed01-mainStage.json' (484)
2020-08-10 21:36:00: == Sync Complete. Time: 00:00:06, Speed: 11.32 MB/s, OK: 178, Errors: 0
2020-08-10 21:36:00: 
