2020-08-08 22:15:20: == Sync Started by User Command
2020-08-08 22:15:20: Delete File 'H:/Unity/5_eyetracking-FullSecondsNearCompletion09a/Assets/Assets/FinalLog/webform/cgi-bin.meta'
2020-08-08 22:15:20: Delete File 'H:/Unity/5_eyetracking-FullSecondsNearCompletion09a/Assets/Assets/FinalLog/webform/gradtest/cgi-bin/short_grading_test.php.meta'
2020-08-08 22:15:21: Delete File 'H:/Unity/5_eyetracking-FullSecondsNearCompletion09a/Assets/Library/EditorInstance.json'
2020-08-08 22:15:21: Delete File 'H:/Unity/5_eyetracking-FullSecondsNearCompletion09a/Assets/Temp/__Backupscenes/0.backup'
2020-08-08 22:15:21: Delete Folder 'H:/Unity/5_eyetracking-FullSecondsNearCompletion09a/Assets/Temp/__Backupscenes'
2020-08-08 22:15:21: Delete File 'H:/Unity/5_eyetracking-FullSecondsNearCompletion09a/Assets/Temp/ProcessJobs/e9a6970f79cd12d8b075e7d72f1b07cb.bakert'
2020-08-08 22:15:21: Delete Folder 'H:/Unity/5_eyetracking-FullSecondsNearCompletion09a/Assets/Temp/ProcessJobs'
2020-08-08 22:15:21: Delete File 'H:/Unity/5_eyetracking-FullSecondsNearCompletion09a/Assets/Temp/UnityTempFile-025b70f1643dcb84f9c5a75f5414bcf5'
2020-08-08 22:15:21: Delete File 'H:/Unity/5_eyetracking-FullSecondsNearCompletion09a/Assets/Temp/UnityTempFile-0425fb0d06657234d94b292cdb69158f'
2020-08-08 22:15:21: Delete File 'H:/Unity/5_eyetracking-FullSecondsNearCompletion09a/Assets/Temp/UnityTempFile-19c7d051901be3643a0c995947c427cc'
2020-08-08 22:15:21: Delete File 'H:/Unity/5_eyetracking-FullSecondsNearCompletion09a/Assets/Temp/UnityTempFile-1abb0186083accd4e9978104be6ef602'
2020-08-08 22:15:21: Delete File 'H:/Unity/5_eyetracking-FullSecondsNearCompletion09a/Assets/Temp/UnityTempFile-25e53d64b1b7ea54699d94ca438cf900'
2020-08-08 22:15:21: Delete File 'H:/Unity/5_eyetracking-FullSecondsNearCompletion09a/Assets/Temp/UnityTempFile-27240c965466915479cc8b064ac84496'
2020-08-08 22:15:21: Delete File 'H:/Unity/5_eyetracking-FullSecondsNearCompletion09a/Assets/Temp/UnityTempFile-35febccbe1ca79b47a38f772d7450cee'
2020-08-08 22:15:21: Delete File 'H:/Unity/5_eyetracking-FullSecondsNearCompletion09a/Assets/Temp/UnityTempFile-360f14bbadca8f346bb67d274da10b70'
2020-08-08 22:15:21: Delete File 'H:/Unity/5_eyetracking-FullSecondsNearCompletion09a/Assets/Temp/UnityTempFile-369bacdf67186f341b19fb988dc41b80'
2020-08-08 22:15:21: Delete File 'H:/Unity/5_eyetracking-FullSecondsNearCompletion09a/Assets/Temp/UnityTempFile-38a8093457d49b847bd6b576094eef8f'
2020-08-08 22:15:21: Delete File 'H:/Unity/5_eyetracking-FullSecondsNearCompletion09a/Assets/Temp/UnityTempFile-47364c37ab5ccec45b48f655471f0983'
2020-08-08 22:15:21: Delete File 'H:/Unity/5_eyetracking-FullSecondsNearCompletion09a/Assets/Temp/UnityTempFile-4c8ad9c1bb7e03f41a773b68f4d7eaf1'
2020-08-08 22:15:21: Delete File 'H:/Unity/5_eyetracking-FullSecondsNearCompletion09a/Assets/Temp/UnityTempFile-53ffc47f72a038a49b7644334a747470'
2020-08-08 22:15:21: Delete File 'H:/Unity/5_eyetracking-FullSecondsNearCompletion09a/Assets/Temp/UnityTempFile-586f442104f9fff44a09f7d0ecac45c6'
2020-08-08 22:15:21: Delete File 'H:/Unity/5_eyetracking-FullSecondsNearCompletion09a/Assets/Temp/UnityTempFile-6515ebe55efddb24ba2036d0de78e111'
2020-08-08 22:15:21: Delete File 'H:/Unity/5_eyetracking-FullSecondsNearCompletion09a/Assets/Temp/UnityTempFile-693ff81317b2f28498c0b90496f095d4'
2020-08-08 22:15:21: Delete File 'H:/Unity/5_eyetracking-FullSecondsNearCompletion09a/Assets/Temp/UnityTempFile-6cc4039396b76ba4db1392b3092048d2'
2020-08-08 22:15:21: Delete File 'H:/Unity/5_eyetracking-FullSecondsNearCompletion09a/Assets/Temp/UnityTempFile-6dec85f48bd482446a6f6758645843e8'
2020-08-08 22:15:21: Delete File 'H:/Unity/5_eyetracking-FullSecondsNearCompletion09a/Assets/Temp/UnityTempFile-6e96d8e2832f76546acdf5f3395df4d6'
2020-08-08 22:15:21: Delete File 'H:/Unity/5_eyetracking-FullSecondsNearCompletion09a/Assets/Temp/UnityTempFile-6f84e18b2c361fd49b62c59b3ad1ded9'
2020-08-08 22:15:21: Delete File 'H:/Unity/5_eyetracking-FullSecondsNearCompletion09a/Assets/Temp/UnityTempFile-7e78ff2bbf904174296d9015ca29a99f'
2020-08-08 22:15:21: Delete File 'H:/Unity/5_eyetracking-FullSecondsNearCompletion09a/Assets/Temp/UnityTempFile-858e402b965bb084199fc84c82674192'
2020-08-08 22:15:21: Delete File 'H:/Unity/5_eyetracking-FullSecondsNearCompletion09a/Assets/Temp/UnityTempFile-885fd0f1484e5f24a9be708ec8374e61'
2020-08-08 22:15:21: Delete File 'H:/Unity/5_eyetracking-FullSecondsNearCompletion09a/Assets/Temp/UnityTempFile-8b9aa34ac288bd5478771e4edcf5d385'
2020-08-08 22:15:21: Delete File 'H:/Unity/5_eyetracking-FullSecondsNearCompletion09a/Assets/Temp/UnityTempFile-8fb3cfb01acd1cd4c845f6abf68fc786'
2020-08-08 22:15:21: Delete File 'H:/Unity/5_eyetracking-FullSecondsNearCompletion09a/Assets/Temp/UnityTempFile-95ad440b6f3cbb547ac29f63fdf6fa81'
2020-08-08 22:15:21: Delete File 'H:/Unity/5_eyetracking-FullSecondsNearCompletion09a/Assets/Temp/UnityTempFile-988d79e24c6e4cd4bba771ecbb8f9668'
2020-08-08 22:15:21: Delete File 'H:/Unity/5_eyetracking-FullSecondsNearCompletion09a/Assets/Temp/UnityTempFile-b072bbce4da734242aa3474633d290c4'
2020-08-08 22:15:21: Delete File 'H:/Unity/5_eyetracking-FullSecondsNearCompletion09a/Assets/Temp/UnityTempFile-b2919fae22a29614ca708a8b5225ce65'
2020-08-08 22:15:21: Delete File 'H:/Unity/5_eyetracking-FullSecondsNearCompletion09a/Assets/Temp/UnityTempFile-b64e1aeb9fb685f4e90eb96d72426c86'
2020-08-08 22:15:21: Delete File 'H:/Unity/5_eyetracking-FullSecondsNearCompletion09a/Assets/Temp/UnityTempFile-b6c03471bd4935b40b8645ef847f6ab0'
2020-08-08 22:15:21: Delete File 'H:/Unity/5_eyetracking-FullSecondsNearCompletion09a/Assets/Temp/UnityTempFile-bac622033aa4f1845ad906c5710b0446'
2020-08-08 22:15:21: Delete File 'H:/Unity/5_eyetracking-FullSecondsNearCompletion09a/Assets/Temp/UnityTempFile-bb636e522e38ce945a88300e56e668b4'
2020-08-08 22:15:21: Delete File 'H:/Unity/5_eyetracking-FullSecondsNearCompletion09a/Assets/Temp/UnityTempFile-bbe1fc303be183c4ca7501dd63344cff'
2020-08-08 22:15:21: Delete File 'H:/Unity/5_eyetracking-FullSecondsNearCompletion09a/Assets/Temp/UnityTempFile-bc9f51ae017f5044c9270959d747340f'
2020-08-08 22:15:21: Delete File 'H:/Unity/5_eyetracking-FullSecondsNearCompletion09a/Assets/Temp/UnityTempFile-c2be775c6711e9248bc8dfc566dd160d'
2020-08-08 22:15:21: Delete File 'H:/Unity/5_eyetracking-FullSecondsNearCompletion09a/Assets/Temp/UnityTempFile-c54839e5cac3eca45804ba80cdede9a7'
2020-08-08 22:15:21: Delete File 'H:/Unity/5_eyetracking-FullSecondsNearCompletion09a/Assets/Temp/UnityTempFile-d35e6af97beb3544480371e09bb066d1'
2020-08-08 22:15:21: Delete File 'H:/Unity/5_eyetracking-FullSecondsNearCompletion09a/Assets/Temp/UnityTempFile-d9ab7d996d1efc64f9885f5b5d65bae1'
2020-08-08 22:15:21: Delete File 'H:/Unity/5_eyetracking-FullSecondsNearCompletion09a/Assets/Temp/UnityTempFile-d9f1e4fe416373d4592f9f0d604b87e1'
2020-08-08 22:15:21: Delete File 'H:/Unity/5_eyetracking-FullSecondsNearCompletion09a/Assets/Temp/UnityTempFile-dc5ed1e59dd4fad4d9985aae067e830a'
2020-08-08 22:15:21: Delete File 'H:/Unity/5_eyetracking-FullSecondsNearCompletion09a/Assets/Temp/UnityTempFile-e37c5051b8cdc0d4499efa20d17f27a4'
2020-08-08 22:15:21: Delete File 'H:/Unity/5_eyetracking-FullSecondsNearCompletion09a/Assets/Temp/UnityTempFile-fb277ac3a605d244884bbb40634e1c4a'
2020-08-08 22:15:21: Delete File 'H:/Unity/5_eyetracking-FullSecondsNearCompletion09a/Assets/Temp/UnityTempFile-fd672d998a94ff54a83ff5baf5045ef9'
2020-08-08 22:15:21: Delete Folder 'H:/Unity/5_eyetracking-FullSecondsNearCompletion09a/Assets/Temp'
2020-08-08 22:15:21: Copy Over 'C:/Users/User/Documents/Unity/TaskLeft/5_eyetracking-FullSecondsNearCompletion09a/Assets/Assets/StimExample/ExampleTask/FixationExamplePlane.prefab' -> 'H:/Unity/5_eyetracking-FullSecondsNearCompletion09a/Assets/Assets/StimExample/ExampleTask/FixationExamplePlane.prefab' (2.787)
2020-08-08 22:15:21: Copy Over 'C:/Users/User/Documents/Unity/TaskLeft/5_eyetracking-FullSecondsNearCompletion09a/Assets/Assets/StimExample/ExampleTask/TaskAExample.prefab' -> 'H:/Unity/5_eyetracking-FullSecondsNearCompletion09a/Assets/Assets/StimExample/ExampleTask/TaskAExample.prefab' (2.774)
2020-08-08 22:15:21: Copy Over 'C:/Users/User/Documents/Unity/TaskLeft/5_eyetracking-FullSecondsNearCompletion09a/Assets/Assets/StimExample/ExampleTask/TaskBExample.prefab' -> 'H:/Unity/5_eyetracking-FullSecondsNearCompletion09a/Assets/Assets/StimExample/ExampleTask/TaskBExample.prefab' (2.779)
2020-08-08 22:15:21: Copy Over 'C:/Users/User/Documents/Unity/TaskLeft/5_eyetracking-FullSecondsNearCompletion09a/Assets/Assets/TaskInstructions/Text01_01.prefab' -> 'H:/Unity/5_eyetracking-FullSecondsNearCompletion09a/Assets/Assets/TaskInstructions/Text01_01.prefab' (2.784)
2020-08-08 22:15:21: Copy Over 'C:/Users/User/Documents/Unity/TaskLeft/5_eyetracking-FullSecondsNearCompletion09a/Assets/Assets/TaskInstructions/Text01_02.prefab' -> 'H:/Unity/5_eyetracking-FullSecondsNearCompletion09a/Assets/Assets/TaskInstructions/Text01_02.prefab' (2.769)
2020-08-08 22:15:21: Copy Over 'C:/Users/User/Documents/Unity/TaskLeft/5_eyetracking-FullSecondsNearCompletion09a/Assets/Assets/TaskInstructions/Text01_03.prefab' -> 'H:/Unity/5_eyetracking-FullSecondsNearCompletion09a/Assets/Assets/TaskInstructions/Text01_03.prefab' (2.790)
2020-08-08 22:15:21: Copy Over 'C:/Users/User/Documents/Unity/TaskLeft/5_eyetracking-FullSecondsNearCompletion09a/Assets/Assets/TaskInstructions/Text01_04.prefab' -> 'H:/Unity/5_eyetracking-FullSecondsNearCompletion09a/Assets/Assets/TaskInstructions/Text01_04.prefab' (2.725)
2020-08-08 22:15:21: Copy Over 'C:/Users/User/Documents/Unity/TaskLeft/5_eyetracking-FullSecondsNearCompletion09a/Assets/Assets/TaskInstructions/Text01_05.prefab' -> 'H:/Unity/5_eyetracking-FullSecondsNearCompletion09a/Assets/Assets/TaskInstructions/Text01_05.prefab' (2.791)
2020-08-08 22:15:21: Copy Over 'C:/Users/User/Documents/Unity/TaskLeft/5_eyetracking-FullSecondsNearCompletion09a/Assets/Assets/TaskInstructions/Text01_06.prefab' -> 'H:/Unity/5_eyetracking-FullSecondsNearCompletion09a/Assets/Assets/TaskInstructions/Text01_06.prefab' (2.801)
2020-08-08 22:15:21: Copy Over 'C:/Users/User/Documents/Unity/TaskLeft/5_eyetracking-FullSecondsNearCompletion09a/Assets/Assets/TaskInstructions/Text01_07.prefab' -> 'H:/Unity/5_eyetracking-FullSecondsNearCompletion09a/Assets/Assets/TaskInstructions/Text01_07.prefab' (2.830)
2020-08-08 22:15:22: Copy Over 'C:/Users/User/Documents/Unity/TaskLeft/5_eyetracking-FullSecondsNearCompletion09a/Assets/Library/ArtifactDB' -> 'H:/Unity/5_eyetracking-FullSecondsNearCompletion09a/Assets/Library/ArtifactDB' (33.554.432)
2020-08-08 22:15:22: Copy Over 'C:/Users/User/Documents/Unity/TaskLeft/5_eyetracking-FullSecondsNearCompletion09a/Assets/Library/CurrentLayout-default.dwlt' -> 'H:/Unity/5_eyetracking-FullSecondsNearCompletion09a/Assets/Library/CurrentLayout-default.dwlt' (19.053)
2020-08-08 22:15:22: Copy Over 'C:/Users/User/Documents/Unity/TaskLeft/5_eyetracking-FullSecondsNearCompletion09a/Assets/Library/EditorSnapSettings.asset' -> 'H:/Unity/5_eyetracking-FullSecondsNearCompletion09a/Assets/Library/EditorSnapSettings.asset' (546)
2020-08-08 22:15:22: Copy Over 'C:/Users/User/Documents/Unity/TaskLeft/5_eyetracking-FullSecondsNearCompletion09a/Assets/Library/expandedItems' -> 'H:/Unity/5_eyetracking-FullSecondsNearCompletion09a/Assets/Library/expandedItems' (4.236)
2020-08-08 22:15:22: Copy Over 'C:/Users/User/Documents/Unity/TaskLeft/5_eyetracking-FullSecondsNearCompletion09a/Assets/Library/LastSceneManagerSetup.txt' -> 'H:/Unity/5_eyetracking-FullSecondsNearCompletion09a/Assets/Library/LastSceneManagerSetup.txt' (95)
2020-08-08 22:15:22: Copy Over 'C:/Users/User/Documents/Unity/TaskLeft/5_eyetracking-FullSecondsNearCompletion09a/Assets/Library/SceneVisibilityState.asset' -> 'H:/Unity/5_eyetracking-FullSecondsNearCompletion09a/Assets/Library/SceneVisibilityState.asset' (4.244)
2020-08-08 22:15:23: Copy Over 'C:/Users/User/Documents/Unity/TaskLeft/5_eyetracking-FullSecondsNearCompletion09a/Assets/Library/SourceAssetDB' -> 'H:/Unity/5_eyetracking-FullSecondsNearCompletion09a/Assets/Library/SourceAssetDB' (4.194.304)
2020-08-08 22:15:23: Copy Over 'C:/Users/User/Documents/Unity/TaskLeft/5_eyetracking-FullSecondsNearCompletion09a/Assets/Library/StateCache/Hierarchy/f715d8-mainStage.json' -> 'H:/Unity/5_eyetracking-FullSecondsNearCompletion09a/Assets/Library/StateCache/Hierarchy/f715d8-mainStage.json' (153)
2020-08-08 22:15:23: Copy Over 'C:/Users/User/Documents/Unity/TaskLeft/5_eyetracking-FullSecondsNearCompletion09a/Assets/Library/StateCache/SceneView/90ed01-mainStage.json' -> 'H:/Unity/5_eyetracking-FullSecondsNearCompletion09a/Assets/Library/StateCache/SceneView/90ed01-mainStage.json' (484)
2020-08-08 22:15:23: == Sync Complete. Time: 00:00:03, Speed: 347.43 MB/s, OK: 15.331, Errors: 0
2020-08-08 22:15:23: 
